[    0.000000] Linux version 4.15.0-38-generic (buildd@lcy01-amd64-023) (gcc version 7.3.0 (Ubuntu 7.3.0-16ubuntu3)) #41-Ubuntu SMP Wed Oct 10 10:59:38 UTC 2018 (Ubuntu 4.15.0-38.41-generic 4.15.18)
[    0.000000] Command line: BOOT_IMAGE=/boot/vmlinuz-4.15.0-38-generic root=LABEL=cloudimg-rootfs ro console=tty1 console=ttyS0
[    0.000000] KERNEL supported cpus:
[    0.000000]   Intel GenuineIntel
[    0.000000]   AMD AuthenticAMD
[    0.000000]   Centaur CentaurHauls
[    0.000000] x86/fpu: Supporting XSAVE feature 0x001: 'x87 floating point registers'
[    0.000000] x86/fpu: Supporting XSAVE feature 0x002: 'SSE registers'
[    0.000000] x86/fpu: Supporting XSAVE feature 0x004: 'AVX registers'
[    0.000000] x86/fpu: xstate_offset[2]:  576, xstate_sizes[2]:  256
[    0.000000] x86/fpu: Enabled xstate features 0x7, context size is 832 bytes, using 'standard' format.
[    0.000000] e820: BIOS-provided physical RAM map:
[    0.000000] BIOS-e820: [mem 0x0000000000000000-0x000000000009fbff] usable
[    0.000000] BIOS-e820: [mem 0x000000000009fc00-0x000000000009ffff] reserved
[    0.000000] BIOS-e820: [mem 0x00000000000f0000-0x00000000000fffff] reserved
[    0.000000] BIOS-e820: [mem 0x0000000000100000-0x000000007ffeffff] usable
[    0.000000] BIOS-e820: [mem 0x000000007fff0000-0x000000007fffffff] ACPI data
[    0.000000] BIOS-e820: [mem 0x00000000fec00000-0x00000000fec00fff] reserved
[    0.000000] BIOS-e820: [mem 0x00000000fee00000-0x00000000fee00fff] reserved
[    0.000000] BIOS-e820: [mem 0x00000000fffc0000-0x00000000ffffffff] reserved
[    0.000000] NX (Execute Disable) protection: active
[    0.000000] SMBIOS 2.5 present.
[    0.000000] DMI: innotek GmbH VirtualBox/VirtualBox, BIOS VirtualBox 12/01/2006
[    0.000000] Hypervisor detected: KVM
[    0.000000] e820: last_pfn = 0x7fff0 max_arch_pfn = 0x400000000
[    0.000000] MTRR: Disabled
[    0.000000] x86/PAT: MTRRs disabled, skipping PAT initialization too.
[    0.000000] CPU MTRRs all blank - virtualized system.
[    0.000000] x86/PAT: Configuration [0-7]: WB  WT  UC- UC  WB  WT  UC- UC  
[    0.000000] found SMP MP-table at [mem 0x0009fff0-0x0009ffff] mapped at [        (ptrval)]
[    0.000000] Scanning 1 areas for low memory corruption
[    0.000000] RAMDISK: [mem 0x35ae3000-0x36d68fff]
[    0.000000] ACPI: Early table checksum verification disabled
[    0.000000] ACPI: RSDP 0x00000000000E0000 000024 (v02 VBOX  )
[    0.000000] ACPI: XSDT 0x000000007FFF0030 00003C (v01 VBOX   VBOXXSDT 00000001 ASL  00000061)
[    0.000000] ACPI: FACP 0x000000007FFF00F0 0000F4 (v04 VBOX   VBOXFACP 00000001 ASL  00000061)
[    0.000000] ACPI: DSDT 0x000000007FFF0470 0021FF (v02 VBOX   VBOXBIOS 00000002 INTL 20100528)
[    0.000000] ACPI: FACS 0x000000007FFF0200 000040
[    0.000000] ACPI: FACS 0x000000007FFF0200 000040
[    0.000000] ACPI: APIC 0x000000007FFF0240 000054 (v02 VBOX   VBOXAPIC 00000001 ASL  00000061)
[    0.000000] ACPI: SSDT 0x000000007FFF02A0 0001CC (v01 VBOX   VBOXCPUT 00000002 INTL 20100528)
[    0.000000] No NUMA configuration found
[    0.000000] Faking a node at [mem 0x0000000000000000-0x000000007ffeffff]
[    0.000000] NODE_DATA(0) allocated [mem 0x7ffc5000-0x7ffeffff]
[    0.000000] kvm-clock: cpu 0, msr 0:7ff44001, primary cpu clock
[    0.000000] kvm-clock: Using msrs 4b564d01 and 4b564d00
[    0.000000] kvm-clock: using sched offset of 3450031035 cycles
[    0.000000] clocksource: kvm-clock: mask: 0xffffffffffffffff max_cycles: 0x1cd42e4dffb, max_idle_ns: 881590591483 ns
[    0.000000] Zone ranges:
[    0.000000]   DMA      [mem 0x0000000000001000-0x0000000000ffffff]
[    0.000000]   DMA32    [mem 0x0000000001000000-0x000000007ffeffff]
[    0.000000]   Normal   empty
[    0.000000]   Device   empty
[    0.000000] Movable zone start for each node
[    0.000000] Early memory node ranges
[    0.000000]   node   0: [mem 0x0000000000001000-0x000000000009efff]
[    0.000000]   node   0: [mem 0x0000000000100000-0x000000007ffeffff]
[    0.000000] Initmem setup node 0 [mem 0x0000000000001000-0x000000007ffeffff]
[    0.000000] Reserved but unavailable: 98 pages
[    0.000000] ACPI: PM-Timer IO Port: 0x4008
[    0.000000] IOAPIC[0]: apic_id 1, version 32, address 0xfec00000, GSI 0-23
[    0.000000] ACPI: INT_SRC_OVR (bus 0 bus_irq 0 global_irq 2 dfl dfl)
[    0.000000] ACPI: INT_SRC_OVR (bus 0 bus_irq 9 global_irq 9 high level)
[    0.000000] Using ACPI (MADT) for SMP configuration information
[    0.000000] smpboot: Allowing 1 CPUs, 0 hotplug CPUs
[    0.000000] PM: Registered nosave memory: [mem 0x00000000-0x00000fff]
[    0.000000] PM: Registered nosave memory: [mem 0x0009f000-0x0009ffff]
[    0.000000] PM: Registered nosave memory: [mem 0x000a0000-0x000effff]
[    0.000000] PM: Registered nosave memory: [mem 0x000f0000-0x000fffff]
[    0.000000] e820: [mem 0x80000000-0xfebfffff] available for PCI devices
[    0.000000] Booting paravirtualized kernel on KVM
[    0.000000] clocksource: refined-jiffies: mask: 0xffffffff max_cycles: 0xffffffff, max_idle_ns: 7645519600211568 ns
[    0.000000] random: get_random_bytes called from start_kernel+0x99/0x4fd with crng_init=0
[    0.000000] setup_percpu: NR_CPUS:8192 nr_cpumask_bits:1 nr_cpu_ids:1 nr_node_ids:1
[    0.000000] percpu: Embedded 46 pages/cpu @        (ptrval) s151552 r8192 d28672 u2097152
[    0.000000] PV qspinlock hash table entries: 256 (order: 0, 4096 bytes)
[    0.000000] Built 1 zonelists, mobility grouping on.  Total pages: 515961
[    0.000000] Policy zone: DMA32
[    0.000000] Kernel command line: BOOT_IMAGE=/boot/vmlinuz-4.15.0-38-generic root=LABEL=cloudimg-rootfs ro console=tty1 console=ttyS0
[    0.000000] Memory: 2015992K/2096696K available (12300K kernel code, 2472K rwdata, 4248K rodata, 2408K init, 2416K bss, 80704K reserved, 0K cma-reserved)
[    0.000000] SLUB: HWalign=64, Order=0-3, MinObjects=0, CPUs=1, Nodes=1
[    0.000000] Kernel/User page tables isolation: enabled
[    0.000000] ftrace: allocating 39175 entries in 154 pages
[    0.004000] Hierarchical RCU implementation.
[    0.004000] 	RCU restricting CPUs from NR_CPUS=8192 to nr_cpu_ids=1.
[    0.004000] 	Tasks RCU enabled.
[    0.004000] RCU: Adjusting geometry for rcu_fanout_leaf=16, nr_cpu_ids=1
[    0.004000] NR_IRQS: 524544, nr_irqs: 256, preallocated irqs: 16
[    0.004000] Console: colour VGA+ 80x25
[    0.004000] console [tty1] enabled
[    0.004000] console [ttyS0] enabled
[    0.004000] ACPI: Core revision 20170831
[    0.004000] ACPI: 2 ACPI AML tables successfully acquired and loaded
[    0.004000] APIC: Switch to symmetric I/O mode setup
[    0.004267] x2apic enabled
[    0.008009] Switched APIC routing to physical x2apic.
[    0.013187] ..TIMER: vector=0x30 apic1=0 pin1=2 apic2=-1 pin2=-1
[    0.016010] tsc: Detected 2699.998 MHz processor
[    0.020014] Calibrating delay loop (skipped) preset value.. 5399.99 BogoMIPS (lpj=10799992)
[    0.024009] pid_max: default: 32768 minimum: 301
[    0.028058] Security Framework initialized
[    0.032010] Yama: becoming mindful.
[    0.033066] AppArmor: AppArmor initialized
[    0.040237] Dentry cache hash table entries: 262144 (order: 9, 2097152 bytes)
[    0.044068] Inode-cache hash table entries: 131072 (order: 8, 1048576 bytes)
[    0.048035] Mount-cache hash table entries: 4096 (order: 3, 32768 bytes)
[    0.052029] Mountpoint-cache hash table entries: 4096 (order: 3, 32768 bytes)
[    0.056353] mce: CPU supports 0 MCE banks
[    0.060026] process: using mwait in idle threads
[    0.061711] Last level iTLB entries: 4KB 64, 2MB 8, 4MB 8
[    0.063640] Last level dTLB entries: 4KB 64, 2MB 0, 4MB 0, 1GB 4
[    0.064009] Spectre V2 : Mitigation: Full generic retpoline
[    0.068008] Spectre V2 : Spectre v2 / SpectreRSB mitigation: Filling RSB on context switch
[    0.072008] Speculative Store Bypass: Vulnerable
[    0.096764] Freeing SMP alternatives memory: 36K
[    0.104000] smpboot: CPU0: Intel(R) Core(TM) i5-5257U CPU @ 2.70GHz (family: 0x6, model: 0x3d, stepping: 0x4)
[    0.104098] Performance Events: unsupported p6 CPU model 61 no PMU driver, software events only.
[    0.108086] Hierarchical SRCU implementation.
[    0.116203] NMI watchdog: Perf event create on CPU 0 failed with -2
[    0.120006] NMI watchdog: Perf NMI watchdog permanently disabled
[    0.124095] smp: Bringing up secondary CPUs ...
[    0.128008] smp: Brought up 1 node, 1 CPU
[    0.128757] smpboot: Max logical packages: 1
[    0.132014] smpboot: Total of 1 processors activated (5399.99 BogoMIPS)
[    0.136180] devtmpfs: initialized
[    0.138485] x86/mm: Memory block size: 128MB
[    0.140290] evm: security.selinux
[    0.141494] evm: security.SMACK64
[    0.144012] evm: security.SMACK64EXEC
[    0.148009] evm: security.SMACK64TRANSMUTE
[    0.152008] evm: security.SMACK64MMAP
[    0.156012] evm: security.apparmor
[    0.160011] evm: security.ima
[    0.160819] evm: security.capability
[    0.161704] clocksource: jiffies: mask: 0xffffffff max_cycles: 0xffffffff, max_idle_ns: 7645041785100000 ns
[    0.164018] futex hash table entries: 256 (order: 2, 16384 bytes)
[    0.168077] pinctrl core: initialized pinctrl subsystem
[    0.172141] RTC time: 15:39:02, date: 11/22/18
[    0.173054] NET: Registered protocol family 16
[    0.176074] audit: initializing netlink subsys (disabled)
[    0.179289] cpuidle: using governor ladder
[    0.180009] cpuidle: using governor menu
[    0.184051] audit: type=2000 audit(1542901144.051:1): state=initialized audit_enabled=0 res=1
[    0.188085] ACPI: bus type PCI registered
[    0.192010] acpiphp: ACPI Hot Plug PCI Controller Driver version: 0.5
[    0.196220] PCI: Using configuration type 1 for base access
[    0.202238] HugeTLB registered 2.00 MiB page size, pre-allocated 0 pages
[    0.204235] ACPI: Added _OSI(Module Device)
[    0.208011] ACPI: Added _OSI(Processor Device)
[    0.208816] ACPI: Added _OSI(3.0 _SCP Extensions)
[    0.209655] ACPI: Added _OSI(Processor Aggregator Device)
[    0.212027] ACPI: Added _OSI(Linux-Dell-Video)
[    0.216041] ACPI: Added _OSI(Linux-Lenovo-NV-HDMI-Audio)
[    0.218702] ACPI: Executed 1 blocks of module-level executable AML code
[    0.223163] ACPI: Interpreter enabled
[    0.224034] ACPI: (supports S0 S5)
[    0.228071] ACPI: Using IOAPIC for interrupt routing
[    0.236362] PCI: Using host bridge windows from ACPI; if necessary, use "pci=nocrs" and report a bug
[    0.241055] ACPI: Enabled 2 GPEs in block 00 to 07
[    0.276668] ACPI: PCI Root Bridge [PCI0] (domain 0000 [bus 00-ff])
[    0.280019] acpi PNP0A03:00: _OSC: OS supports [ASPM ClockPM Segments MSI]
[    0.284050] acpi PNP0A03:00: _OSC: not requesting OS control; OS requires [ExtendedConfig ASPM ClockPM MSI]
[    0.288032] acpi PNP0A03:00: fail to add MMCONFIG information, can't access extended PCI configuration space under this bridge.
[    0.292400] PCI host bridge to bus 0000:00
[    0.296011] pci_bus 0000:00: root bus resource [io  0x0000-0x0cf7 window]
[    0.300025] pci_bus 0000:00: root bus resource [io  0x0d00-0xffff window]
[    0.304013] pci_bus 0000:00: root bus resource [mem 0x000a0000-0x000bffff window]
[    0.308011] pci_bus 0000:00: root bus resource [mem 0x80000000-0xffdfffff window]
[    0.312012] pci_bus 0000:00: root bus resource [bus 00-ff]
[    0.317618] pci 0000:00:01.1: legacy IDE quirk: reg 0x10: [io  0x01f0-0x01f7]
[    0.320010] pci 0000:00:01.1: legacy IDE quirk: reg 0x14: [io  0x03f6]
[    0.324011] pci 0000:00:01.1: legacy IDE quirk: reg 0x18: [io  0x0170-0x0177]
[    0.328020] pci 0000:00:01.1: legacy IDE quirk: reg 0x1c: [io  0x0376]
[    0.365699] pci 0000:00:07.0: quirk: [io  0x4000-0x403f] claimed by PIIX4 ACPI
[    0.368024] pci 0000:00:07.0: quirk: [io  0x4100-0x410f] claimed by PIIX4 SMB
[    0.396681] ACPI: PCI Interrupt Link [LNKA] (IRQs 5 9 10 *11)
[    0.400363] ACPI: PCI Interrupt Link [LNKB] (IRQs 5 9 10 *11)
[    0.404164] ACPI: PCI Interrupt Link [LNKC] (IRQs 5 9 *10 11)
[    0.408169] ACPI: PCI Interrupt Link [LNKD] (IRQs 5 *9 10 11)
[    0.412481] SCSI subsystem initialized
[    0.416171] pci 0000:00:02.0: vgaarb: setting as boot VGA device
[    0.420000] pci 0000:00:02.0: vgaarb: VGA device added: decodes=io+mem,owns=io+mem,locks=none
[    0.420017] pci 0000:00:02.0: vgaarb: bridge control possible
[    0.424011] vgaarb: loaded
[    0.428105] ACPI: bus type USB registered
[    0.432061] usbcore: registered new interface driver usbfs
[    0.436035] usbcore: registered new interface driver hub
[    0.440018] usbcore: registered new device driver usb
[    0.440987] EDAC MC: Ver: 3.0.0
[    0.441836] PCI: Using ACPI for IRQ routing
[    0.442829] NetLabel: Initializing
[    0.443468] NetLabel:  domain hash size = 128
[    0.444002] NetLabel:  protocols = UNLABELED CIPSOv4 CALIPSO
[    0.448048] NetLabel:  unlabeled traffic allowed by default
[    0.452165] clocksource: Switched to clocksource kvm-clock
[    0.465376] VFS: Disk quotas dquot_6.6.0
[    0.515941] VFS: Dquot-cache hash table entries: 512 (order 0, 4096 bytes)
[    0.613132] AppArmor: AppArmor Filesystem Enabled
[    0.651229] pnp: PnP ACPI init
[    0.677039] pnp: PnP ACPI: found 3 devices
[    0.705587] clocksource: acpi_pm: mask: 0xffffff max_cycles: 0xffffff, max_idle_ns: 2085701024 ns
[    0.787844] NET: Registered protocol family 2
[    0.832553] TCP established hash table entries: 16384 (order: 5, 131072 bytes)
[    0.866029] TCP bind hash table entries: 16384 (order: 6, 262144 bytes)
[    0.912573] TCP: Hash tables configured (established 16384 bind 16384)
[    0.953970] UDP hash table entries: 1024 (order: 3, 32768 bytes)
[    0.957296] UDP-Lite hash table entries: 1024 (order: 3, 32768 bytes)
[    0.961685] NET: Registered protocol family 1
[    0.979631] pci 0000:00:00.0: Limiting direct PCI/PCI transfers
[    0.984892] pci 0000:00:01.0: Activating ISA DMA hang workarounds
[    0.991424] pci 0000:00:02.0: Video device with shadowed ROM at [mem 0x000c0000-0x000dffff]
[    1.047894] Unpacking initramfs...
[    1.497427] Freeing initrd memory: 18968K
[    1.590914] platform rtc_cmos: registered platform RTC device (no PNP device found)
[    1.640409] Scanning for low memory corruption every 60 seconds
[    1.642032] Initialise system trusted keyrings
[    1.651759] Key type blacklist registered
[    1.660748] workingset: timestamp_bits=36 max_order=19 bucket_order=0
[    1.663971] zbud: loaded
[    1.690489] squashfs: version 4.0 (2009/01/31) Phillip Lougher
[    1.758676] fuse init (API version 7.26)
[    1.761701] Key type asymmetric registered
[    1.770731] Asymmetric key parser 'x509' registered
[    1.790843] Block layer SCSI generic (bsg) driver version 0.4 loaded (major 246)
[    1.825352] io scheduler noop registered
[    1.881272] io scheduler deadline registered
[    1.882334] io scheduler cfq registered (default)
[    1.911188] ACPI: AC Adapter [AC] (on-line)
[    1.971882] input: Power Button as /devices/LNXSYSTM:00/LNXPWRBN:00/input/input0
[    2.002986] ACPI: Power Button [PWRF]
[    2.011588] input: Sleep Button as /devices/LNXSYSTM:00/LNXSLPBN:00/input/input1
[    2.031078] ACPI: Sleep Button [SLPF]
[    2.035577] ACPI: Battery Slot [BAT0] (battery present)
[    2.065142] Serial: 8250/16550 driver, 32 ports, IRQ sharing enabled
[    2.136444] 00:02: ttyS0 at I/O 0x3f8 (irq = 4, base_baud = 115200) is a 16550A
[    2.161662] Linux agpgart interface v0.103
[    2.193143] loop: module loaded
[    2.202930] scsi host0: ata_piix
[    2.205769] scsi host1: ata_piix
[    2.213942] ata1: PATA max UDMA/33 cmd 0x1f0 ctl 0x3f6 bmdma 0xd000 irq 14
[    2.224222] ata2: PATA max UDMA/33 cmd 0x170 ctl 0x376 bmdma 0xd008 irq 15
[    2.231626] libphy: Fixed MDIO Bus: probed
[    2.235496] tun: Universal TUN/TAP device driver, 1.6
[    2.247470] PPP generic driver version 2.4.2
[    2.254960] ehci_hcd: USB 2.0 'Enhanced' Host Controller (EHCI) Driver
[    2.272663] ehci-pci: EHCI PCI platform driver
[    2.282532] ehci-platform: EHCI generic platform driver
[    2.291490] ohci_hcd: USB 1.1 'Open' Host Controller (OHCI) Driver
[    2.311788] ohci-pci: OHCI PCI platform driver
[    2.333263] ohci-platform: OHCI generic platform driver
[    2.370960] uhci_hcd: USB Universal Host Controller Interface driver
[    2.435879] i8042: PNP: PS/2 Controller [PNP0303:PS2K,PNP0f03:PS2M] at 0x60,0x64 irq 1,12
[    2.438089] serio: i8042 KBD port at 0x60,0x64 irq 1
[    2.450024] serio: i8042 AUX port at 0x60,0x64 irq 12
[    2.524375] mousedev: PS/2 mouse device common for all mice
[    2.533963] input: AT Translated Set 2 keyboard as /devices/platform/i8042/serio0/input/input2
[    2.586225] rtc_cmos rtc_cmos: rtc core: registered rtc_cmos as rtc0
[    2.632793] rtc_cmos rtc_cmos: alarms up to one day, 114 bytes nvram
[    2.662358] tsc: Refined TSC clocksource calibration: 2701.807 MHz
[    2.767007] clocksource: tsc: mask: 0xffffffffffffffff max_cycles: 0x26f1e93edb3, max_idle_ns: 440795213623 ns
[    2.849633] i2c /dev entries driver
[    2.883165] pcie_mp2_amd: AMD(R) PCI-E MP2 Communication Driver Version: 1.0
[    2.938086] device-mapper: uevent: version 1.0.3
[    2.991536] device-mapper: ioctl: 4.37.0-ioctl (2017-09-20) initialised: dm-devel@redhat.com
[    3.053640] ledtrig-cpu: registered to indicate activity on CPUs
[    3.103941] NET: Registered protocol family 10
[    3.131215] Segment Routing with IPv6
[    3.181701] NET: Registered protocol family 17
[    3.225928] Key type dns_resolver registered
[    3.279307] RAS: Correctable Errors collector initialized.
[    3.336877] sched_clock: Marking stable (3336829008, 0)->(8430661717, -5093832709)
[    3.407571] registered taskstats version 1
[    3.457091] Loading compiled-in X.509 certificates
[    3.498420] Loaded X.509 cert 'Build time autogenerated kernel key: f3a9ae7fdf18cf897e7c53db8499a9c1252f0be9'
[    3.590317] zswap: loaded using pool lzo/zbud
[    3.619727] Key type big_key registered
[    3.649895] Key type trusted registered
[    3.704609] Key type encrypted registered
[    3.781061] AppArmor: AppArmor sha1 policy hashing enabled
[    3.782048] ima: No TPM chip found, activating TPM-bypass! (rc=-19)
[    3.867260] ima: Allocated hash algorithm: sha1
[    3.904811] evm: HMAC attrs: 0x1
[    3.971141]   Magic number: 10:408:690
[    4.016031] mem mem: hash matches
[    4.047218] rtc_cmos rtc_cmos: setting system clock to 2018-11-22 15:39:07 UTC (1542901147)
[    4.076318] BIOS EDD facility v0.16 2004-Jun-25, 0 devices found
[    4.153786] EDD information not available.
[    4.184631] Freeing unused kernel memory: 2408K
[    4.244191] Write protecting the kernel read-only data: 20480k
[    4.294011] Freeing unused kernel memory: 2008K
[    4.333213] Freeing unused kernel memory: 1896K
[    4.375935] x86/mm: Checked W+X mappings: passed, no W+X pages found.
[    4.454508] x86/mm: Checking user space page tables
[    4.495026] x86/mm: Checked W+X mappings: passed, no W+X pages found.
Loading, please wait...
starting version 237
[    4.678106] e1000: Intel(R) PRO/1000 Network Driver - version 7.3.21-k8-NAPI
[    4.804457] e1000: Copyright (c) 1999-2006 Intel Corporation.
[    4.830032] Fusion MPT base driver 3.04.20
[    4.873277] Copyright (c) 1999-2008 LSI Corporation
[    4.969581] AVX version of gcm_enc/dec engaged.
[    5.026735] AES CTR mode by8 optimization enabled
[    5.106775] Fusion MPT SPI Host driver 3.04.20
[    5.182611] input: ImExPS/2 Generic Explorer Mouse as /devices/platform/i8042/serio1/input/input4
[    5.648037] e1000 0000:00:03.0 eth0: (PCI:33MHz:32-bit) 02:84:d8:33:f5:88
[    5.687354] e1000 0000:00:03.0 eth0: Intel(R) PRO/1000 Network Connection
[    5.740750] mptbase: ioc0: Initiating bringup
[    5.876641] ioc0: LSI53C1030 A0: Capabilities={Initiator}
[    6.161612] scsi host2: ioc0: LSI53C1030 A0, FwRev=00000000h, Ports=1, MaxQ=256, IRQ=20
[    6.400540] scsi 2:0:0:0: Direct-Access     VBOX     HARDDISK         1.0  PQ: 0 ANSI: 5
[    6.484185] scsi target2:0:0: Beginning Domain Validation
[    6.544725] random: fast init done
[    6.597192] scsi target2:0:0: Domain Validation skipping write tests
[    6.641883] scsi target2:0:0: Ending Domain Validation
[    6.772525] scsi target2:0:0: asynchronous
[    6.845157] scsi 2:0:1:0: Direct-Access     VBOX     HARDDISK         1.0  PQ: 0 ANSI: 5
[    6.978831] scsi target2:0:1: Beginning Domain Validation
[    7.100523] scsi target2:0:1: Domain Validation skipping write tests
[    7.138047] scsi target2:0:1: Ending Domain Validation
[    7.176407] scsi target2:0:1: asynchronous
[    7.189600] random: systemd-udevd: uninitialized urandom read (16 bytes read)
[    7.221018] sd 2:0:0:0: [sda] 20971520 512-byte logical blocks: (10.7 GB/10.0 GiB)
[    7.256183] sd 2:0:0:0: Attached scsi generic sg0 type 0
[    7.316182] random: systemd-udevd: uninitialized urandom read (16 bytes read)
[    7.365980] sd 2:0:0:0: [sda] Write Protect is off
[    7.399428] sd 2:0:1:0: Attached scsi generic sg1 type 0
[    7.468562] sd 2:0:1:0: [sdb] 20480 512-byte logical blocks: (10.5 MB/10.0 MiB)
[    7.531254] e1000 0000:00:08.0 eth1: (PCI:33MHz:32-bit) 08:00:27:e5:e2:33
[    7.607270] e1000 0000:00:08.0 eth1: Intel(R) PRO/1000 Network Connection
[    7.669680] random: systemd-udevd: uninitialized urandom read (16 bytes read)
[    7.727750] sd 2:0:0:0: [sda] Incomplete mode parameter data
[    7.770285] sd 2:0:0:0: [sda] Assuming drive cache: write through
[    7.807900] sd 2:0:1:0: [sdb] Write Protect is off
[    7.872024] e1000 0000:00:08.0 enp0s8: renamed from eth1
[    7.963467] sd 2:0:1:0: [sdb] Incomplete mode parameter data
[    8.019767] sd 2:0:1:0: [sdb] Assuming drive cache: write through
[    8.057610]  sda: sda1
[    8.153061] sd 2:0:0:0: [sda] Attached SCSI disk
[    8.231554] sd 2:0:1:0: [sdb] Attached SCSI disk
[    8.301869] e1000 0000:00:03.0 enp0s3: renamed from eth0
Begin: Loading essential drivers[    9.948020] raid6: sse2x1   gen()  9785 MB/s
 ... [   10.036137] raid6: sse2x1   xor()  6284 MB/s
[   10.124286] raid6: sse2x2   gen()  8562 MB/s
[   10.249651] raid6: sse2x2   xor()  7702 MB/s
[   10.336154] raid6: sse2x4   gen()  6622 MB/s
[   10.416185] raid6: sse2x4   xor()  8364 MB/s
[   10.490690] raid6: using algorithm sse2x1 gen() 9785 MB/s
[   10.542057] raid6: .... xor() 6284 MB/s, rmw enabled
[   10.567874] raid6: using ssse3x2 recovery algorithm
[   10.586030] xor: automatically using best checksumming function   avx       
[   10.619005] async_tx: api initialized (async)
done.
Begin: Running /scripts/init-premount ... done[   10.711354] Btrfs loaded, crc32c=crc32c-intel
.
Begin: Mounting root file system ... Begin: Running /scripts/[   10.773527] EXT4-fs (sda1): INFO: recovery required on readonly filesystem
local-top ... done.
Begin: Running /scripts/local-premount ... Scanning for Btrfs filesystems
done.
Warning: fsck not present, so skipping root file system
[   10.802977] EXT4-fs (sda1): write access will be enabled during recovery
[   11.002968] EXT4-fs (sda1): recovery complete
[   11.071726] EXT4-fs (sda1): mounted filesystem with ordered data mode. Opts: (null)
done.
Begin: Running /scripts/local-bottom ... done.
Begin: Running /scripts/init-bottom ... done.
[   11.324194] ip_tables: (C) 2000-2006 Netfilter Core Team
[   11.400816] systemd[1]: systemd 237 running in system mode. (+PAM +AUDIT +SELINUX +IMA +APPARMOR +SMACK +SYSVINIT +UTMP +LIBCRYPTSETUP +GCRYPT +GNUTLS +ACL +XZ +LZ4 +SECCOMP +BLKID +ELFUTILS +KMOD -IDN2 +IDN -PCRE2 default-hierarchy=hybrid)
[   11.562027] systemd[1]: Detected virtualization oracle.
[   11.620018] systemd[1]: Detected architecture x86-64.

Welcome to [1mUbuntu 18.04.1 LTS[0m!

[   11.665444] systemd[1]: Set hostname to <ubuntu-bionic>.
[   11.981010] systemd[1]: Created slice System Slice.
[[0;32m  OK  [0m] Created slice System Slice.
[   12.049124] systemd[1]: Listening on /dev/initctl Compatibility Named Pipe.
[[0;32m  OK  [0m] Listening on /dev/initctl Compatibility Named Pipe.
[   12.164496] systemd[1]: Listening on Device-mapper event daemon FIFOs.
[[0;32m  OK  [0m] Listening on Device-mapper event daemon FIFOs.
[   12.240431] systemd[1]: Listening on udev Control Socket.
[[0;32m  OK  [0m] Listening on udev Control Socket.
[   12.300438] systemd[1]: Listening on udev Kernel Socket.
[[0;32m  OK  [0m] Listening on udev Kernel Socket.
[   12.380816] systemd[1]: Created slice User and Session Slice.
[[0;32m  OK  [0m] Created slice User and Session Slice.
[[0;32m  OK  [0m] Started Forward Password Requests to Wall Directory Watch.
[[0;32m  OK  [0m] Set up automount Arbitrary Executab…rmats File System Automount Point.
[[0;32m  OK  [0m] Reached target Slices.
[[0;32m  OK  [0m] Reached target User and Group Name Lookups.
[[0;32m  OK  [0m] Reached target Swap.
[[0;32m  OK  [0m] Reached target System Time Synchronized.
[[0;32m  OK  [0m] Listening on Syslog Socket.
[[0;32m  OK  [0m] Listening on Journal Socket (/dev/log).
[[0;32m  OK  [0m] Listening on LVM2 metadata daemon socket.
[[0;32m  OK  [0m] Listening on Journal Audit Socket.
[[0;32m  OK  [0m] Listening on Journal Socket.
         [   12.797028] random: crng init done
Starting Remount Root and Kernel File Systems...
[   12.822646] random: 7 urandom warning(s) missed due to ratelimiting
         Starting Load Kernel Modules...
         Starting Uncomplicated firewall...
[   12.863562] Loading iSCSI transport class v2.0-870.
         Starting Set the[   12.932403] EXT4-fs (sda1): re-mounted. Opts: (null)
 console keyboard layout...
[   13.026733] iscsi: registered transport (tcp)
         Mounting Huge Pages File System...
[   13.121743] iscsi: registered transport (iser)
         Starting Journal Service...
         Mounting Kernel Debug File System...
         Starting Create list of required st…ce nodes for the current kernel...
         Starting Monitoring of LVM2 mirrors…ng dmeventd or progress polling...
         Starting udev Coldplug all Devices...
         Mounting POSIX Message Queue File System...
[[0;32m  OK  [0m] Listening on Network Service Netlink Socket.
[[0;32m  OK  [0m] Created slice system-serial\x2dgetty.slice.
[[0;32m  OK  [0m] Listening on LVM2 poll daemon socket.
[[0;32m  OK  [0m] Started Journal Service.
[[0;32m  OK  [0m] Started Remount Root and Kernel File Systems.
[[0;32m  OK  [0m] Started Load Kernel Modules.
[[0;32m  OK  [0m] Started Uncomplicated firewall.
[[0;32m  OK  [0m] Started Set the console keyboard layout.
[[0;32m  OK  [0m] Mounted Huge Pages File System.
[[0;32m  OK  [0m] Mounted Kernel Debug File System.
[[0;32m  OK  [0m] Started Create list of required sta…vice nodes for the current kernel.
[[0;32m  OK  [0m] Mounted POSIX Message Queue File System.
[[0;32m  OK  [0m] Started LVM2 metadata daemon.
         Starting Create Static Device Nodes in /dev...
         Starting Apply Kernel Variables...
         Mounting FUSE Control File System...
         Mounting Kernel Configuration File System...
         Starting Load/Save Random Seed...
         Starting Initial cloud-init job (pre-networking)...
         Starting Flush Journal to Persistent Storage...
[[0;32m  OK  [0m] Started Monitoring of LVM2 mirrors,…sing dmeventd or progress polling.
[[0;32m  OK  [0m] Started udev Coldplug all Devices.
[[0;32m  OK  [0m] Started Create Static Device Nodes in /dev.
[[0;32m  OK  [0m] Started Apply Kernel Variables.
[[0;32m  OK  [0m] Mounted FUSE Control File System.
[[0;32m  OK  [0m] Mounted Kernel Configuration File System.
[[0;32m  OK  [0m] Started Load/Save Random Seed.
         Starting udev Kernel Device Manager...
[[0;32m  OK  [0m] Reached target Local File Systems (Pre).
[[0;32m  OK  [0m] Reached target Local File Systems.
         Starting AppArmor initialization...
         Starting Tell Plymouth To Write Out Runtime Data...
         Starting ebtables ruleset management...
         Starting Set console font and keymap...
[[0;32m  OK  [0m] Started udev Kernel Device Manager.
[[0;32m  OK  [0m] Started Tell Plymouth To Write Out Runtime Data.
[[0;32m  OK  [0m] Started Flush Journal to Persistent Storage.
[[0;32m  OK  [0m] Started Set console font and keymap.
         Starting Create Volatile Files and Directories...
[[0;32m  OK  [0m] Started Dispatch Password Requests to Console Directory Watch.
[[0;32m  OK  [0m] Reached target Local Encrypted Volumes.
[[0;32m  OK  [0m] Started Create Volatile Files and Directories.
         Starting Update UTMP about System Boot/Shutdown...
[[0;32m  OK  [0m] Started ebtables ruleset management.
[[0;32m  OK  [0m] Started Update UTMP about System Boot/Shutdown.
[[0;32m  OK  [0m] Started AppArmor initialization.
[[0;32m  OK  [0m] Found device /dev/ttyS0.
[[0;32m  OK  [0m] Found device 82540EM Gigabit Ethern…ler (PRO/1000 MT Desktop Adapter).
[[0;32m  OK  [0m] Listening on Load/Save RF Kill Switch Status /dev/rfkill Watch.
[   16.328131] cloud-init[414]: Cloud-init v. 18.4-0ubuntu1~18.04.1 running 'init-local' at Thu, 22 Nov 2018 15:39:19 +0000. Up 15.89 seconds.
[[0;32m  OK  [0m] Started Initial cloud-init job (pre-networking).
[[0;32m  OK  [0m] Reached target Network (Pre).
         Starting Raise network interfaces...
         Starting Network Service...
[[0;32m  OK  [0m] Started ifup for enp0s8.
[[0;32m  OK  [0m] Started Network Service.
         Starting Network Name Resolution...
         Starting Wait for Network to be Configured...
[[0;32m  OK  [0m] Stopped Network Name Resolution.
         Starting Network Name Resolution...
[[0;32m  OK  [0m] Started Network Name Resolution.
[[0;32m  OK  [0m] Reached target Host and Network Name Lookups.
[[0;32m  OK  [0m] Started Raise network interfaces.
[[0;32m  OK  [0m] Reached target Network.
[[0;32m  OK  [0m] Started Wait for Network to be Configured.
         Starting Initial cloud-init job (metadata service crawler)...
[   18.976852] cloud-init[744]: Cloud-init v. 18.4-0ubuntu1~18.04.1 running 'init' at Thu, 22 Nov 2018 15:39:22 +0000. Up 18.64 seconds.
[[0;32m  OK  [0m] Started Initial cloud-init job (metadata service crawler).
[[0;32m  OK  [0m] Reached target Cloud-config availability.
[   19.107727] cloud-init[744]: ci-info: ++++++++++++++++++++++++++++++++++++++Net device info+++++++++++++++++++++++++++++++++++++++
[   19.245038] cloud-init[744]: ci-info: +--------+------+-----------------------------+---------------+--------+-------------------+
[[0;32m  OK  [0m] Reached target System Initialization.
[   19.338030] cloud-init[744]: ci-info: | Device |  Up  |           Address           |      Mask     | Scope  |     Hw-Address    |
[   19.460889] cloud-init[744]: ci-info: +--------+------+-----------------------------+---------------+--------+-------------------+
[   19.507510] cloud-init[744]: ci-info: | enp0s3 | True |          10.0.2.15          | 255.255.255.0 | global | 02:84:d8:33:f5:88 |
[[0;32m  OK  [0m] Started Discard unused blocks once a week.
[   19.539006] cloud-init[744]: ci-info: | enp0s3 | True |  fe80::84:d8ff:fe33:f588/64 |       .       |  link  | 02:84:d8:33:f5:88 |
[   19.660418] cloud-init[744]: ci-info: | enp0s8 | True |         172.28.128.4        | 255.255.255.0 | global | 08:00:27:e5:e2:33 |
[   19.720554] cloud-init[744]: ci-info: | enp0s8 | True | fe80::a00:27ff:fee5:e233/64 |       .       |  link  | 08:00:27:e5:e2:33 |
[[0;32m  OK  [0m] Started ACPI Events Check.
[[0;32m  OK  [0m] Reached target Paths.
[   19.798171] cloud-init[744]: ci-info: |   lo   | True |          127.0.0.1          |   255.0.0.0   |  host  |         .         |
[   19.896261] cloud-init[744]: ci-info: |   lo   | True |           ::1/128           |       .       |  host  |         .         |
[   19.932374] cloud-init[744]: ci-info: +--------+------+-----------------------------+---------------+--------+-------------------+
[[0;32m  OK  [0m] Listening on Open-iSCSI iscsid Socket.
[[0;32m  OK  [0m] Listening on UUID daemon activation socket.
[   20.006502] cloud-init[744]: ci-info: +++++++++++++++++++++++++++++Route IPv4 info+++++++++++++++++++++++++++++
         Starting LXD - unix socket.
         Starting Socket activation for snappy daemon.
[[0;32m  OK  [0m] Listening on ACPID Listen Socket.
[[0;32m  OK  [0m] Listening on D-Bus System Message Bus Socket.
[[0;32m  OK  [0m] Started Message of the Day.
[[0;32m  OK  [0m] Started Daily Cleanup of Temporary Directories.
[[0;32m  OK  [0m] Started Daily apt download activities.
[[0;32m  OK  [0m] Started Daily apt upgrade and clean activities.
[[0;32m  OK  [0m] Reached target Timers.
[   20.175765] cloud-init[744]: ci-info: +-------+--------------+----------+-----------------+-----------+-------+
[   20.552636] cloud-init[744]: ci-info: | Route | Destination  | Gateway  |     Genmask     | Interface | Flags |
[   20.600756] cloud-init[744]: ci-info: +-------+--------------+----------+-----------------+-----------+-------+
[[0;32m  OK  [0m] Reached target Network is Online.
[   20.625177] cloud-init[744]: ci-info: |   0   |   0.0.0.0    | 10.0.2.2 |     0.0.0.0     |   enp0s3  |   UG  |
         Starting Availability of block devices...
[[0;32m  OK  [0m] Reached target Remote File Systems (Pre).
[[0;32m  OK  [0m] Reached target Remote File Systems.
[   20.723702] cloud-init[744]: ci-info: |   1   |   10.0.2.0   | 0.0.0.0  |  255.255.255.0  |   enp0s3  |   U   |
[   20.848382] cloud-init[744]: ci-info: |   2   |   10.0.2.2   | 0.0.0.0  | 255.255.255.255 |   enp0s3  |   UH  |
[   20.867937] [[0;32m  OK  [0m] Listening on LXD - unix socket.
[[0;32m  OK  [0m] Listening on Socket activation for snappy daemon.
[[0;32m  OK  [0m] Started Availability of block devices.
[[0;32m  OK  [0m] Reached target Sockets.
[[0;32m  OK  [0m] Reached target Basic System.
cloud-init[744]: ci-info: |   3   | 172.28.128.0 | 0.0.0.0  |  255.255.255.0  |   enp0s8  |   U   |
         Starting Login Service...
[   21.081409] cloud-init[744]: ci-info: +-------+--------------+----------+-----------------+-----------+-------+
         Starting Snappy daemon...
[[0;32m  OK  [0m] Started FUSE filesystem for LXC.
         Starting Virtualbox guest utils...
[[0;32m  OK  [0m] Started Deferred execution scheduler.
[   21.171523]          Starting Dispatcher daemon for systemd-networkd...
cloud-init[744]: ci-info: +++++++++++++++++++Route IPv6 info+++++++++++++++++++
[[0;32m  OK  [0m] Started irqbalance daemon.
         Starting Permit User Sessions...
[   21.417197] [[0;32m  OK  [0m] Started Regular background program processing daemon.
         Starting OpenBSD Secure Shell server...
[[0;32m  OK  [0m] Started Unattended Upgrades Shutdown.
cloud-init[744]: ci-info: +-------+-------------+---------+-----------+-------+
         Starting System Logging Service...
[   21.695510] cloud-init[744]: ci-info: | Route | Destination | Gateway | Interface | Flags |
[[0;32m  OK  [0m] Started D-Bus System Message Bus.
[   21.802415] cloud-init[744]: ci-info: +-------+-------------+---------+-----------+-------+
[   21.905298] cloud-init[744]: ci-info: |   1   |  fe80::/64  |    ::   |   enp0s3  |   U   |
[   21.951814] [[0;32m  OK  [0m] Started Login Service.
         Starting LSB: automatic crash report generation...
cloud-init[744]: ci-info: |   2   |  fe80::/64  |    ::   |   enp0s8  |   U   |
         [   22.076256] cloud-init[744]: ci-info: |   4   |    local    |    ::   |   enp0s3  |   U   |
[   22.076328] cloud-init[744]: ci-info: |   5   |    local    |    ::   |   enp0s8  |   U   |
[   22.076388] cloud-init[744]: ci-info: |   6   |   ff00::/8  |    ::   |   enp0s3  |   U   |
[   22.076446] cloud-init[744]: ci-info: |   7   |   ff00::/8  |    ::   |   enp0s8  |   U   |
[   22.076544] cloud-init[744]: ci-info: +-------+-------------+---------+-----------+-------+
Starting Discard unused blocks...
         Starting Accounts Service...
         Starting LSB: Record successful boot for GRUB...
         Starting LXD - container startup/shutdown...
[[0;32m  OK  [0m] Started Snappy daemon.
[[0;32m  OK  [0m] Started System Logging Service.
[[0;32m  OK  [0m] Started Dispatcher daemon for systemd-networkd.
[[0;32m  OK  [0m] Started Permit User Sessions.
[[0;32m  OK  [0m] Started Discard unused blocks.
         Starting Authorization Manager...
         Starting Terminate Plymouth Boot Screen...
         Starting Hold until boot process finishes up...
         Starting Wait until snapd is fully seeded...
[[0;32m  OK  [0m] Started Terminate Plymouth Boot Screen.
[[0;32m  OK  [0m] Started OpenBSD Secure Shell server.
[[0;32m  OK  [0m] Started Hold until boot process finishes up.
[[0;32m  OK  [0m] Started LXD - container startup/shutdown.
[[0;32m  OK  [0m] Started Authorization Manager.
[[0;32m  OK  [0m] Started Accounts Service.
[[0;32m  OK  [0m] Started Serial Getty on ttyS0.
         Starting Set console scheme...
[[0;32m  OK  [0m] Started LSB: automatic crash report generation.
[[0;32m  OK  [0m] Started Virtualbox guest utils.
[[0;32m  OK  [0m] Started LSB: Record successful boot for GRUB.
[[0;32m  OK  [0m] Started Wait until snapd is fully seeded.
[[0;32m  OK  [0m] Started Set console scheme.
[[0;32m  OK  [0m] Created slice system-getty.slice.
[[0;32m  OK  [0m] Started Getty on tty1.
[[0;32m  OK  [0m] Reached target Login Prompts.
         Starting Apply the settings specified in cloud-config...
[[0;32m  OK  [0m] Reached target Multi-User System.
[[0;32m  OK  [0m] Reached target Graphical Interface.
         Starting Update UTMP about System Runlevel Changes...
[[0;32m  OK  [0m] Created slice User Slice of vagrant.
         Starting User Manager for UID 1000...
[[0;32m  OK  [0m] Started Update UTMP about System Runlevel Changes.
[[0;32m  OK  [0m] Started User Manager for UID 1000.
[[0;32m  OK  [0m] Started Session 1 of user vagrant.
[   24.511485] cloud-init[1059]: Cloud-init v. 18.4-0ubuntu1~18.04.1 running 'modules:config' at Thu, 22 Nov 2018 15:39:27 +0000. Up 24.27 seconds.
[[0;32m  OK  [0m] Started Apply the settings specified in cloud-config.
         Starting Execute cloud user/final scripts...
[   26.005242] cloud-init[1162]: Cloud-init v. 18.4-0ubuntu1~18.04.1 running 'modules:final' at Thu, 22 Nov 2018 15:39:29 +0000. Up 25.73 seconds.
[   26.126908] cloud-init[1162]: Cloud-init v. 18.4-0ubuntu1~18.04.1 finished at Thu, 22 Nov 2018 15:39:29 +0000. Datasource DataSourceNoCloud [seed=/dev/sdb][dsmode=net].  Up 25.98 seconds
[[0;32m  OK  [0m] Started Execute cloud user/final scripts.
         Starting Daily apt download activities...
[[0;32m  OK  [0m] Reached target Cloud-init target.

Ubuntu 18.04.1 LTS ubuntu-bionic ttyS0

ubuntu-bionic login:          Stopping udev Kernel Device Manager...
[[0;32m  OK  [0m] Stopped udev Kernel Device Manager.
         Starting udev Kernel Device Manager...
[[0;32m  OK  [0m] Started udev Kernel Device Manager.
         Stopping OpenBSD Secure Shell server...
[[0;32m  OK  [0m] Stopped OpenBSD Secure Shell server.
         Starting OpenBSD Secure Shell server...
[[0;32m  OK  [0m] Started OpenBSD Secure Shell server.
[[0;32m  OK  [0m] Stopped Wait for Network to be Configured.
         Stopping Wait for Network to be Configured...
         Stopping Network Service...
[[0;32m  OK  [0m] Stopped Network Service.
         Starting Network Service...
[[0;32m  OK  [0m] Started Network Service.
         Starting Wait for Network to be Configured...
         Stopping Network Name Resolution...
[[0;32m  OK  [0m] Stopped Network Name Resolution.
         Starting Network Name Resolution...
[[0;32m  OK  [0m] Started Wait for Network to be Configured.
[[0;32m  OK  [0m] Started Network Name Resolution.
[[0;32m  OK  [0m] Stopped Flush Journal to Persistent Storage.
         Stopping Flush Journal to Persistent Storage...
         Stopping Journal Service...
[[0;32m  OK  [0m] Stopped Journal Service.
         Starting Journal Service...
[[0;32m  OK  [0m] Started Journal Service.
         Starting Flush Journal to Persistent Storage...
[[0;32m  OK  [0m] Started Flush Journal to Persistent Storage.
[[0;32m  OK  [0m] Started Daily apt upgrade and clean activities.
